{"name":"cabeceo","hostname":"dev-vm","pid":5300,"level":50,"msg":"some dangerous shit","time":"2016-05-21T16:41:00.112Z","v":0}
{"name":"cabeceo","hostname":"dev-vm","pid":5300,"level":40,"msg":"logging some stuff","time":"2016-05-21T16:41:00.106Z","v":0}
{"name":"cabeceo","hostname":"dev-vm","pid":5300,"level":50,"msg":"some dangerous shit","time":"2016-05-21T16:41:00.112Z","v":0}
{"name":"cabeceo","hostname":"dev-vm","pid":5365,"level":50,"msg":"some dangerous shit","time":"2016-05-21T16:45:16.704Z","v":0}
{"name":"cabeceo","hostname":"dev-vm","pid":5365,"level":40,"msg":"logging some stuff","time":"2016-05-21T16:45:16.702Z","v":0}
{"name":"cabeceo","hostname":"dev-vm","pid":5365,"level":50,"msg":"some dangerous shit","time":"2016-05-21T16:45:16.704Z","v":0}
{"name":"cabeceo","hostname":"dev-vm","pid":5380,"level":50,"msg":"some dangerous shit","time":"2016-05-21T16:46:07.885Z","v":0}
{"name":"cabeceo","hostname":"dev-vm","pid":5380,"level":40,"msg":"logging some stuff","time":"2016-05-21T16:46:07.879Z","v":0}
{"name":"cabeceo","hostname":"dev-vm","pid":5380,"level":50,"msg":"some dangerous shit","time":"2016-05-21T16:46:07.885Z","v":0}
{"name":"cabeceo","hostname":"dev-vm","pid":5393,"level":50,"msg":"some dangerous shit","time":"2016-05-21T16:46:23.707Z","v":0}
{"name":"cabeceo","hostname":"dev-vm","pid":5393,"level":40,"msg":"logging some stuff","time":"2016-05-21T16:46:23.703Z","v":0}
{"name":"cabeceo","hostname":"dev-vm","pid":5393,"level":50,"msg":"some dangerous shit","time":"2016-05-21T16:46:23.707Z","v":0}
{"name":"cabeceo","hostname":"dev-vm","pid":5429,"level":50,"msg":"some dangerous shit","time":"2016-05-21T16:47:34.747Z","v":0}
{"name":"cabeceo","hostname":"dev-vm","pid":5429,"level":40,"msg":"logging some stuff","time":"2016-05-21T16:47:34.744Z","v":0}
{"name":"cabeceo","hostname":"dev-vm","pid":5429,"level":50,"msg":"some dangerous shit","time":"2016-05-21T16:47:34.747Z","v":0}
{"name":"cabeceo","hostname":"dev-vm","pid":5442,"level":50,"msg":"some dangerous shit","time":"2016-05-21T16:47:58.373Z","v":0}
{"name":"cabeceo","hostname":"dev-vm","pid":5442,"level":40,"msg":"logging some stuff","time":"2016-05-21T16:47:58.372Z","v":0}
{"name":"cabeceo","hostname":"dev-vm","pid":5442,"level":50,"msg":"some dangerous shit","time":"2016-05-21T16:47:58.373Z","v":0}
{"name":"cabeceo","hostname":"dev-vm","pid":5455,"level":50,"msg":"some dangerous shit","time":"2016-05-21T16:49:02.543Z","v":0}
{"name":"cabeceo","hostname":"dev-vm","pid":5455,"level":40,"msg":"logging some stuff","time":"2016-05-21T16:49:02.539Z","v":0}
{"name":"cabeceo","hostname":"dev-vm","pid":5455,"level":50,"msg":"some dangerous shit","time":"2016-05-21T16:49:02.543Z","v":0}
{"name":"cabeceo","hostname":"dev-vm","pid":5467,"level":50,"msg":"some dangerous shit","time":"2016-05-21T16:49:15.821Z","v":0}
{"name":"cabeceo","hostname":"dev-vm","pid":5467,"level":40,"msg":"logging some stuff","time":"2016-05-21T16:49:15.816Z","v":0}
{"name":"cabeceo","hostname":"dev-vm","pid":5467,"level":50,"msg":"some dangerous shit","time":"2016-05-21T16:49:15.821Z","v":0}
{"name":"cabeceo","hostname":"dev-vm","pid":5489,"level":50,"msg":"some dangerous shit","time":"2016-05-21T16:49:51.501Z","v":0}
{"name":"cabeceo","hostname":"dev-vm","pid":5489,"level":40,"msg":"logging some stuff","time":"2016-05-21T16:49:51.496Z","v":0}
{"name":"cabeceo","hostname":"dev-vm","pid":5489,"level":50,"msg":"some dangerous shit","time":"2016-05-21T16:49:51.501Z","v":0}
{"name":"cabeceo","hostname":"dev-vm","pid":5501,"level":50,"msg":"some dangerous shit","time":"2016-05-21T16:50:04.053Z","v":0}
{"name":"cabeceo","hostname":"dev-vm","pid":5501,"level":40,"msg":"logging some stuff","time":"2016-05-21T16:50:04.048Z","v":0}
{"name":"cabeceo","hostname":"dev-vm","pid":5501,"level":50,"msg":"some dangerous shit","time":"2016-05-21T16:50:04.053Z","v":0}
{"name":"cabeceo","hostname":"dev-vm","pid":5513,"level":50,"msg":"some dangerous shit","time":"2016-05-21T16:51:08.709Z","v":0}
{"name":"cabeceo","hostname":"dev-vm","pid":5513,"level":40,"msg":"logging some stuff","time":"2016-05-21T16:51:08.706Z","v":0}
{"name":"cabeceo","hostname":"dev-vm","pid":5513,"level":50,"msg":"some dangerous shit","time":"2016-05-21T16:51:08.709Z","v":0}
{"name":"cabeceo","hostname":"dev-vm","pid":5525,"level":50,"msg":"some dangerous shit","time":"2016-05-21T16:51:15.451Z","v":0}
{"name":"cabeceo","hostname":"dev-vm","pid":5525,"level":40,"msg":"logging some stuff","time":"2016-05-21T16:51:15.444Z","v":0}
{"name":"cabeceo","hostname":"dev-vm","pid":5525,"level":50,"msg":"some dangerous shit","time":"2016-05-21T16:51:15.451Z","v":0}
{"name":"cabeceo","hostname":"dev-vm","pid":5541,"level":50,"msg":"some dangerous shit","time":"2016-05-21T16:53:21.323Z","v":0}
{"name":"cabeceo","hostname":"dev-vm","pid":5541,"level":40,"msg":"logging some stuff","time":"2016-05-21T16:53:21.319Z","v":0}
{"name":"cabeceo","hostname":"dev-vm","pid":5541,"level":50,"msg":"some dangerous shit","time":"2016-05-21T16:53:21.323Z","v":0}
{"name":"cabeceo","hostname":"dev-vm","pid":5565,"level":50,"msg":"some dangerous shit","time":"2016-05-21T16:54:29.952Z","v":0}
{"name":"cabeceo","hostname":"dev-vm","pid":5565,"level":40,"msg":"logging some stuff","time":"2016-05-21T16:54:29.950Z","v":0}
{"name":"cabeceo","hostname":"dev-vm","pid":5565,"level":50,"msg":"some dangerous shit","time":"2016-05-21T16:54:29.952Z","v":0}
{"name":"cabeceo","hostname":"dev-vm","pid":5789,"level":50,"msg":"some dangerous shit","time":"2016-05-21T17:12:13.033Z","v":0}
{"name":"cabeceo","hostname":"dev-vm","pid":5789,"level":40,"msg":"logging some stuff","time":"2016-05-21T17:12:13.029Z","v":0}
{"name":"cabeceo","hostname":"dev-vm","pid":5789,"level":50,"msg":"some dangerous shit","time":"2016-05-21T17:12:13.033Z","v":0}
{"name":"cabeceo","hostname":"dev-vm","pid":5811,"level":50,"msg":"some dangerous shit","time":"2016-05-21T17:15:05.764Z","v":0}
{"name":"cabeceo","hostname":"dev-vm","pid":5811,"level":40,"msg":"logging some stuff","time":"2016-05-21T17:15:05.760Z","v":0}
{"name":"cabeceo","hostname":"dev-vm","pid":5811,"level":50,"msg":"some dangerous shit","time":"2016-05-21T17:15:05.764Z","v":0}
{"name":"cabeceo","hostname":"dev-vm","pid":5823,"level":50,"msg":"some dangerous shit","time":"2016-05-21T17:15:19.081Z","v":0}
{"name":"cabeceo","hostname":"dev-vm","pid":5823,"level":40,"msg":"logging some stuff","time":"2016-05-21T17:15:19.080Z","v":0}
{"name":"cabeceo","hostname":"dev-vm","pid":5823,"level":50,"msg":"some dangerous shit","time":"2016-05-21T17:15:19.081Z","v":0}
{"name":"cabeceo","hostname":"dev-vm","pid":5839,"level":50,"msg":"some dangerous shit","time":"2016-05-21T17:16:12.694Z","v":0}
{"name":"cabeceo","hostname":"dev-vm","pid":5839,"level":40,"msg":"logging some stuff","time":"2016-05-21T17:16:12.693Z","v":0}
{"name":"cabeceo","hostname":"dev-vm","pid":5839,"level":50,"msg":"some dangerous shit","time":"2016-05-21T17:16:12.694Z","v":0}
{"name":"cabeceo","hostname":"dev-vm","pid":5857,"level":50,"msg":"some dangerous shit","time":"2016-05-21T17:19:04.216Z","v":0}
{"name":"cabeceo","hostname":"dev-vm","pid":5857,"level":40,"msg":"logging some stuff","time":"2016-05-21T17:19:04.213Z","v":0}
{"name":"cabeceo","hostname":"dev-vm","pid":5857,"level":50,"msg":"some dangerous shit","time":"2016-05-21T17:19:04.216Z","v":0}
{"name":"cabeceo","hostname":"dev-vm","pid":5873,"level":50,"msg":"some dangerous shit","time":"2016-05-21T17:20:37.756Z","v":0}
{"name":"cabeceo","hostname":"dev-vm","pid":5873,"level":40,"msg":"logging some stuff","time":"2016-05-21T17:20:37.753Z","v":0}
{"name":"cabeceo","hostname":"dev-vm","pid":5873,"level":50,"msg":"some dangerous shit","time":"2016-05-21T17:20:37.756Z","v":0}
{"name":"cabeceo","hostname":"dev-vm","pid":5896,"level":50,"msg":"some dangerous shit","time":"2016-05-21T17:21:39.005Z","v":0}
{"name":"cabeceo","hostname":"dev-vm","pid":5896,"level":40,"msg":"logging some stuff","time":"2016-05-21T17:21:39.001Z","v":0}
{"name":"cabeceo","hostname":"dev-vm","pid":5896,"level":50,"msg":"some dangerous shit","time":"2016-05-21T17:21:39.005Z","v":0}
{"name":"cabeceo","hostname":"dev-vm","pid":5908,"level":50,"msg":"some dangerous shit","time":"2016-05-21T17:22:01.036Z","v":0}
{"name":"cabeceo","hostname":"dev-vm","pid":5908,"level":40,"msg":"logging some stuff","time":"2016-05-21T17:22:01.035Z","v":0}
{"name":"cabeceo","hostname":"dev-vm","pid":5908,"level":50,"msg":"some dangerous shit","time":"2016-05-21T17:22:01.036Z","v":0}
{"name":"cabeceo","hostname":"dev-vm","pid":5920,"level":50,"msg":"some dangerous shit","time":"2016-05-21T17:22:28.040Z","v":0}
{"name":"cabeceo","hostname":"dev-vm","pid":5920,"level":40,"msg":"logging some stuff","time":"2016-05-21T17:22:28.040Z","v":0}
{"name":"cabeceo","hostname":"dev-vm","pid":5920,"level":50,"msg":"some dangerous shit","time":"2016-05-21T17:22:28.040Z","v":0}
{"name":"cabeceo","hostname":"dev-vm","pid":5933,"level":50,"msg":"some dangerous shit","time":"2016-05-21T17:24:54.873Z","v":0}
{"name":"cabeceo","hostname":"dev-vm","pid":5933,"level":40,"msg":"logging some stuff","time":"2016-05-21T17:24:54.873Z","v":0}
{"name":"cabeceo","hostname":"dev-vm","pid":5933,"level":50,"msg":"some dangerous shit","time":"2016-05-21T17:24:54.873Z","v":0}
{"name":"cabeceo","hostname":"dev-vm","pid":5949,"level":50,"msg":"some dangerous shit","time":"2016-05-21T17:25:38.074Z","v":0}
{"name":"cabeceo","hostname":"dev-vm","pid":5949,"level":40,"msg":"logging some stuff","time":"2016-05-21T17:25:38.073Z","v":0}
{"name":"cabeceo","hostname":"dev-vm","pid":5949,"level":50,"msg":"some dangerous shit","time":"2016-05-21T17:25:38.074Z","v":0}
{"name":"cabeceo","hostname":"dev-vm","pid":5963,"level":50,"msg":"some dangerous shit","time":"2016-05-21T17:26:27.375Z","v":0}
{"name":"cabeceo","hostname":"dev-vm","pid":5963,"level":40,"msg":"logging some stuff","time":"2016-05-21T17:26:27.372Z","v":0}
{"name":"cabeceo","hostname":"dev-vm","pid":5963,"level":50,"msg":"some dangerous shit","time":"2016-05-21T17:26:27.375Z","v":0}
{"name":"cabeceo","hostname":"dev-vm","pid":5986,"level":50,"msg":"some dangerous shit","time":"2016-05-21T17:27:03.813Z","v":0}
{"name":"cabeceo","hostname":"dev-vm","pid":5986,"level":40,"msg":"logging some stuff","time":"2016-05-21T17:27:03.812Z","v":0}
{"name":"cabeceo","hostname":"dev-vm","pid":5986,"level":50,"msg":"some dangerous shit","time":"2016-05-21T17:27:03.813Z","v":0}
{"name":"cabeceo","hostname":"dev-vm","pid":6008,"level":50,"msg":"some dangerous shit","time":"2016-05-21T17:29:33.551Z","v":0}
{"name":"cabeceo","hostname":"dev-vm","pid":6008,"level":40,"msg":"logging some stuff","time":"2016-05-21T17:29:33.551Z","v":0}
{"name":"cabeceo","hostname":"dev-vm","pid":6008,"level":50,"msg":"some dangerous shit","time":"2016-05-21T17:29:33.551Z","v":0}
{"name":"cabeceo","hostname":"dev-vm","pid":6020,"level":50,"msg":"some dangerous shit","time":"2016-05-21T17:30:22.984Z","v":0}
{"name":"cabeceo","hostname":"dev-vm","pid":6020,"level":40,"msg":"logging some stuff","time":"2016-05-21T17:30:22.984Z","v":0}
{"name":"cabeceo","hostname":"dev-vm","pid":6020,"level":50,"msg":"some dangerous shit","time":"2016-05-21T17:30:22.984Z","v":0}
{"name":"cabeceo","hostname":"dev-vm","pid":6061,"level":50,"msg":"some dangerous shit","time":"2016-05-21T17:41:10.610Z","v":0}
{"name":"cabeceo","hostname":"dev-vm","pid":6061,"level":40,"msg":"logging some stuff","time":"2016-05-21T17:41:10.607Z","v":0}
{"name":"cabeceo","hostname":"dev-vm","pid":6061,"level":50,"msg":"some dangerous shit","time":"2016-05-21T17:41:10.610Z","v":0}
{"name":"cabeceo","hostname":"dev-vm","pid":6073,"level":50,"msg":"some dangerous shit","time":"2016-05-21T17:42:03.752Z","v":0}
{"name":"cabeceo","hostname":"dev-vm","pid":6073,"level":40,"msg":"logging some stuff","time":"2016-05-21T17:42:03.752Z","v":0}
{"name":"cabeceo","hostname":"dev-vm","pid":6073,"level":50,"msg":"some dangerous shit","time":"2016-05-21T17:42:03.752Z","v":0}
{"name":"cabeceo","hostname":"dev-vm","pid":6086,"level":50,"msg":"some dangerous shit","time":"2016-05-21T17:45:41.191Z","v":0}
{"name":"cabeceo","hostname":"dev-vm","pid":6086,"level":40,"msg":"logging some stuff","time":"2016-05-21T17:45:41.191Z","v":0}
{"name":"cabeceo","hostname":"dev-vm","pid":6086,"level":50,"msg":"some dangerous shit","time":"2016-05-21T17:45:41.191Z","v":0}
{"name":"cabeceo","hostname":"dev-vm","pid":6108,"level":50,"msg":"some dangerous shit","time":"2016-05-21T17:52:39.279Z","v":0}
{"name":"cabeceo","hostname":"dev-vm","pid":6108,"level":40,"msg":"logging some stuff","time":"2016-05-21T17:52:39.279Z","v":0}
{"name":"cabeceo","hostname":"dev-vm","pid":6108,"level":50,"msg":"some dangerous shit","time":"2016-05-21T17:52:39.279Z","v":0}
{"name":"cabeceo","hostname":"dev-vm","pid":10398,"level":50,"$__":{"strictMode":true,"inserting":false,"getters":{"address":{}},"wasPopulated":false,"scope":{"_id":"5741b2e30203b7ca25cb90d1","salt":"sjOdKEzLa3w6RdwZ79hEQw==","provider":"local","email":"max31@kimambo.de","password":"KEsYdX5fOWMkiPb/DfQDcMw6TVHGLsW8WUJnQkT+Oyb/eMev9o04gFnKd8O7aYcWxEo32AFsZ3z8OgIxq8tQJQ==","firstName":"Max edited","lastName":"Kimambo edited","score":300,"__v":0,"lastLogin":"2016-05-22T13:23:47.496Z","userSince":"2016-05-22T13:23:47.496Z","role":"user","following":[],"followers":[],"friends":[],"photos":[],"dances":[]},"activePaths":{"paths":{"password":"require","dances":"init","photos":"init","friends":"init","followers":"init","following":"init","role":"init","userSince":"init","lastLogin":"init","__v":"init","score":"init","provider":"init","salt":"init","_id":"init","email":"require"},"states":{"ignore":{},"default":{},"init":{"__v":true,"dances":true,"photos":true,"friends":true,"followers":true,"following":true,"role":true,"userSince":true,"lastLogin":true,"score":true,"provider":true,"salt":true,"_id":true},"modify":{},"require":{"password":true,"email":true}},"stateNames":["require","modify","init","default","ignore"]},"emitter":{"domain":null,"_events":{"save":[null,null],"isNew":[null,null]},"_eventsCount":2,"_maxListeners":0}},"isNew":false,"_doc":{"address":"[Circular]","dances":[],"photos":[],"friends":[],"followers":[],"following":[],"role":"user","userSince":"2016-05-22T13:23:47.496Z","lastLogin":"2016-05-22T13:23:47.496Z","__v":0,"score":300,"lastName":"Kimambo edited","firstName":"Max edited","password":"KEsYdX5fOWMkiPb/DfQDcMw6TVHGLsW8WUJnQkT+Oyb/eMev9o04gFnKd8O7aYcWxEo32AFsZ3z8OgIxq8tQJQ==","email":"max31@kimambo.de","provider":"local","salt":"sjOdKEzLa3w6RdwZ79hEQw==","_id":"5741b2e30203b7ca25cb90d1"},"_pres":{"$__original_save":[null,null,null]},"_posts":{"$__original_save":[]},"msg":"","time":"2016-05-22T14:48:22.630Z","v":0}
{"name":"cabeceo","hostname":"dev-vm","pid":10398,"level":50,"$__":{"strictMode":true,"inserting":false,"getters":{"address":{}},"wasPopulated":false,"scope":{"_id":"5741b2e30203b7ca25cb90d1","salt":"sjOdKEzLa3w6RdwZ79hEQw==","provider":"local","email":"max31@kimambo.de","password":"KEsYdX5fOWMkiPb/DfQDcMw6TVHGLsW8WUJnQkT+Oyb/eMev9o04gFnKd8O7aYcWxEo32AFsZ3z8OgIxq8tQJQ==","firstName":"Max edited","lastName":"Kimambo edited","score":300,"__v":0,"lastLogin":"2016-05-22T13:23:47.496Z","userSince":"2016-05-22T13:23:47.496Z","role":"user","following":[],"followers":[],"friends":[],"photos":[],"dances":[]},"activePaths":{"paths":{"password":"require","dances":"init","photos":"init","friends":"init","followers":"init","following":"init","role":"init","userSince":"init","lastLogin":"init","__v":"init","score":"init","provider":"init","salt":"init","_id":"init","email":"require"},"states":{"ignore":{},"default":{},"init":{"__v":true,"dances":true,"photos":true,"friends":true,"followers":true,"following":true,"role":true,"userSince":true,"lastLogin":true,"score":true,"provider":true,"salt":true,"_id":true},"modify":{},"require":{"password":true,"email":true}},"stateNames":["require","modify","init","default","ignore"]},"emitter":{"domain":null,"_events":{"save":[null,null],"isNew":[null,null]},"_eventsCount":2,"_maxListeners":0}},"isNew":false,"_doc":{"address":"[Circular]","dances":[],"photos":[],"friends":[],"followers":[],"following":[],"role":"user","userSince":"2016-05-22T13:23:47.496Z","lastLogin":"2016-05-22T13:23:47.496Z","__v":0,"score":300,"lastName":"Kimambo edited","firstName":"Max edited","password":"KEsYdX5fOWMkiPb/DfQDcMw6TVHGLsW8WUJnQkT+Oyb/eMev9o04gFnKd8O7aYcWxEo32AFsZ3z8OgIxq8tQJQ==","email":"max31@kimambo.de","provider":"local","salt":"sjOdKEzLa3w6RdwZ79hEQw==","_id":"5741b2e30203b7ca25cb90d1"},"_pres":{"$__original_save":[null,null,null]},"_posts":{"$__original_save":[]},"msg":"","time":"2016-05-22T14:48:22.630Z","v":0}
{"name":"cabeceo","hostname":"dev-vm","pid":10398,"level":50,"$__":{"strictMode":true,"inserting":false,"getters":{"address":{}},"_id":"5741b2e30203b7ca25cb90d1","wasPopulated":false,"scope":{"_id":"5741b2e30203b7ca25cb90d1","salt":"sjOdKEzLa3w6RdwZ79hEQw==","provider":"local","email":"max31@kimambo.de","password":"KEsYdX5fOWMkiPb/DfQDcMw6TVHGLsW8WUJnQkT+Oyb/eMev9o04gFnKd8O7aYcWxEo32AFsZ3z8OgIxq8tQJQ==","firstName":"Max edited back","lastName":"Kimambo is back","score":900,"__v":0,"lastLogin":"2016-05-22T13:23:47.496Z","userSince":"2016-05-22T13:23:47.496Z","role":"user","following":[],"followers":[],"friends":[],"photos":[],"dances":[]},"activePaths":{"paths":{"password":"require","email":"require","dances":"init","photos":"init","friends":"init","followers":"init","following":"init","role":"init","userSince":"init","lastLogin":"init","__v":"init","provider":"init","salt":"init","_id":"init"},"states":{"ignore":{},"default":{},"init":{"__v":true,"dances":true,"photos":true,"friends":true,"followers":true,"following":true,"role":true,"userSince":true,"lastLogin":true,"provider":true,"salt":true,"_id":true},"modify":{},"require":{"password":true,"email":true}},"stateNames":["require","modify","init","default","ignore"]},"emitter":{"domain":null,"_events":{"save":[null,null],"isNew":[null,null]},"_eventsCount":2,"_maxListeners":0}},"isNew":false,"_doc":{"address":"[Circular]","dances":[],"photos":[],"friends":[],"followers":[],"following":[],"role":"user","userSince":"2016-05-22T13:23:47.496Z","lastLogin":"2016-05-22T13:23:47.496Z","__v":0,"score":900,"lastName":"Kimambo is back","firstName":"Max edited back","password":"KEsYdX5fOWMkiPb/DfQDcMw6TVHGLsW8WUJnQkT+Oyb/eMev9o04gFnKd8O7aYcWxEo32AFsZ3z8OgIxq8tQJQ==","email":"max31@kimambo.de","provider":"local","salt":"sjOdKEzLa3w6RdwZ79hEQw==","_id":"5741b2e30203b7ca25cb90d1"},"_pres":{"$__original_save":[null,null,null]},"_posts":{"$__original_save":[]},"msg":"","time":"2016-05-22T14:49:08.982Z","v":0}
{"name":"cabeceo","hostname":"dev-vm","pid":10398,"level":50,"$__":{"strictMode":true,"inserting":false,"getters":{"address":{}},"_id":"5741b2e30203b7ca25cb90d1","wasPopulated":false,"scope":{"_id":"5741b2e30203b7ca25cb90d1","salt":"sjOdKEzLa3w6RdwZ79hEQw==","provider":"local","email":"max31@kimambo.de","password":"KEsYdX5fOWMkiPb/DfQDcMw6TVHGLsW8WUJnQkT+Oyb/eMev9o04gFnKd8O7aYcWxEo32AFsZ3z8OgIxq8tQJQ==","firstName":"Max edited back","lastName":"Kimambo is back","score":900,"__v":0,"lastLogin":"2016-05-22T13:23:47.496Z","userSince":"2016-05-22T13:23:47.496Z","role":"user","following":[],"followers":[],"friends":[],"photos":[],"dances":[]},"activePaths":{"paths":{"password":"require","email":"require","dances":"init","photos":"init","friends":"init","followers":"init","following":"init","role":"init","userSince":"init","lastLogin":"init","__v":"init","provider":"init","salt":"init","_id":"init"},"states":{"ignore":{},"default":{},"init":{"__v":true,"dances":true,"photos":true,"friends":true,"followers":true,"following":true,"role":true,"userSince":true,"lastLogin":true,"provider":true,"salt":true,"_id":true},"modify":{},"require":{"password":true,"email":true}},"stateNames":["require","modify","init","default","ignore"]},"emitter":{"domain":null,"_events":{"save":[null,null],"isNew":[null,null]},"_eventsCount":2,"_maxListeners":0}},"isNew":false,"_doc":{"address":"[Circular]","dances":[],"photos":[],"friends":[],"followers":[],"following":[],"role":"user","userSince":"2016-05-22T13:23:47.496Z","lastLogin":"2016-05-22T13:23:47.496Z","__v":0,"score":900,"lastName":"Kimambo is back","firstName":"Max edited back","password":"KEsYdX5fOWMkiPb/DfQDcMw6TVHGLsW8WUJnQkT+Oyb/eMev9o04gFnKd8O7aYcWxEo32AFsZ3z8OgIxq8tQJQ==","email":"max31@kimambo.de","provider":"local","salt":"sjOdKEzLa3w6RdwZ79hEQw==","_id":"5741b2e30203b7ca25cb90d1"},"_pres":{"$__original_save":[null,null,null]},"_posts":{"$__original_save":[]},"msg":"","time":"2016-05-22T14:49:08.982Z","v":0}
{"name":"cabeceo","hostname":"dev-vm","pid":10398,"level":50,"$__":{"strictMode":true,"inserting":false,"getters":{"address":{}},"_id":"5741b2e30203b7ca25cb90d1","wasPopulated":false,"scope":{"_id":"5741b2e30203b7ca25cb90d1","salt":"sjOdKEzLa3w6RdwZ79hEQw==","provider":"local","email":"max31@kimambo.de","password":"KEsYdX5fOWMkiPb/DfQDcMw6TVHGLsW8WUJnQkT+Oyb/eMev9o04gFnKd8O7aYcWxEo32AFsZ3z8OgIxq8tQJQ==","firstName":"Max edited back","lastName":"One more time","score":900,"__v":0,"lastLogin":"2016-05-22T13:23:47.496Z","userSince":"2016-05-22T13:23:47.496Z","role":"user","following":[],"followers":[],"friends":[],"photos":[],"dances":[]},"activePaths":{"paths":{"password":"require","email":"require","dances":"init","photos":"init","friends":"init","followers":"init","following":"init","role":"init","userSince":"init","lastLogin":"init","__v":"init","score":"init","firstName":"init","provider":"init","salt":"init","_id":"init"},"states":{"ignore":{},"default":{},"init":{"__v":true,"dances":true,"photos":true,"friends":true,"followers":true,"following":true,"role":true,"userSince":true,"lastLogin":true,"score":true,"firstName":true,"provider":true,"salt":true,"_id":true},"modify":{},"require":{"password":true,"email":true}},"stateNames":["require","modify","init","default","ignore"]},"emitter":{"domain":null,"_events":{"save":[null,null],"isNew":[null,null]},"_eventsCount":2,"_maxListeners":0}},"isNew":false,"_doc":{"address":"[Circular]","dances":[],"photos":[],"friends":[],"followers":[],"following":[],"role":"user","userSince":"2016-05-22T13:23:47.496Z","lastLogin":"2016-05-22T13:23:47.496Z","__v":0,"score":900,"lastName":"One more time","firstName":"Max edited back","password":"KEsYdX5fOWMkiPb/DfQDcMw6TVHGLsW8WUJnQkT+Oyb/eMev9o04gFnKd8O7aYcWxEo32AFsZ3z8OgIxq8tQJQ==","email":"max31@kimambo.de","provider":"local","salt":"sjOdKEzLa3w6RdwZ79hEQw==","_id":"5741b2e30203b7ca25cb90d1"},"_pres":{"$__original_save":[null,null,null]},"_posts":{"$__original_save":[]},"msg":"","time":"2016-05-22T14:49:54.508Z","v":0}
{"name":"cabeceo","hostname":"dev-vm","pid":10398,"level":50,"$__":{"strictMode":true,"inserting":false,"getters":{"address":{}},"_id":"5741b2e30203b7ca25cb90d1","wasPopulated":false,"scope":{"_id":"5741b2e30203b7ca25cb90d1","salt":"sjOdKEzLa3w6RdwZ79hEQw==","provider":"local","email":"max31@kimambo.de","password":"KEsYdX5fOWMkiPb/DfQDcMw6TVHGLsW8WUJnQkT+Oyb/eMev9o04gFnKd8O7aYcWxEo32AFsZ3z8OgIxq8tQJQ==","firstName":"Max edited back","lastName":"One more time","score":900,"__v":0,"lastLogin":"2016-05-22T13:23:47.496Z","userSince":"2016-05-22T13:23:47.496Z","role":"user","following":[],"followers":[],"friends":[],"photos":[],"dances":[]},"activePaths":{"paths":{"password":"require","email":"require","dances":"init","photos":"init","friends":"init","followers":"init","following":"init","role":"init","userSince":"init","lastLogin":"init","__v":"init","score":"init","firstName":"init","provider":"init","salt":"init","_id":"init"},"states":{"ignore":{},"default":{},"init":{"__v":true,"dances":true,"photos":true,"friends":true,"followers":true,"following":true,"role":true,"userSince":true,"lastLogin":true,"score":true,"firstName":true,"provider":true,"salt":true,"_id":true},"modify":{},"require":{"password":true,"email":true}},"stateNames":["require","modify","init","default","ignore"]},"emitter":{"domain":null,"_events":{"save":[null,null],"isNew":[null,null]},"_eventsCount":2,"_maxListeners":0}},"isNew":false,"_doc":{"address":"[Circular]","dances":[],"photos":[],"friends":[],"followers":[],"following":[],"role":"user","userSince":"2016-05-22T13:23:47.496Z","lastLogin":"2016-05-22T13:23:47.496Z","__v":0,"score":900,"lastName":"One more time","firstName":"Max edited back","password":"KEsYdX5fOWMkiPb/DfQDcMw6TVHGLsW8WUJnQkT+Oyb/eMev9o04gFnKd8O7aYcWxEo32AFsZ3z8OgIxq8tQJQ==","email":"max31@kimambo.de","provider":"local","salt":"sjOdKEzLa3w6RdwZ79hEQw==","_id":"5741b2e30203b7ca25cb90d1"},"_pres":{"$__original_save":[null,null,null]},"_posts":{"$__original_save":[]},"msg":"","time":"2016-05-22T14:49:54.508Z","v":0}
{"name":"cabeceo","hostname":"dev-vm","pid":10398,"level":50,"$__":{"strictMode":true,"inserting":false,"getters":{"address":{}},"_id":"5741b2e30203b7ca25cb90d1","wasPopulated":false,"scope":{"_id":"5741b2e30203b7ca25cb90d1","salt":"sjOdKEzLa3w6RdwZ79hEQw==","provider":"local","email":"max31@kimambo.de","password":"KEsYdX5fOWMkiPb/DfQDcMw6TVHGLsW8WUJnQkT+Oyb/eMev9o04gFnKd8O7aYcWxEo32AFsZ3z8OgIxq8tQJQ==","firstName":"Max edited back","lastName":"One last time","score":900,"__v":0,"lastLogin":"2016-05-22T13:23:47.496Z","userSince":"2016-05-22T13:23:47.496Z","role":"user","following":[],"followers":[],"friends":[],"photos":[],"dances":[]},"activePaths":{"paths":{"password":"require","email":"require","dances":"init","photos":"init","friends":"init","followers":"init","following":"init","role":"init","userSince":"init","lastLogin":"init","__v":"init","score":"init","firstName":"init","provider":"init","salt":"init","_id":"init"},"states":{"ignore":{},"default":{},"init":{"__v":true,"dances":true,"photos":true,"friends":true,"followers":true,"following":true,"role":true,"userSince":true,"lastLogin":true,"score":true,"firstName":true,"provider":true,"salt":true,"_id":true},"modify":{},"require":{"password":true,"email":true}},"stateNames":["require","modify","init","default","ignore"]},"emitter":{"domain":null,"_events":{"save":[null,null],"isNew":[null,null]},"_eventsCount":2,"_maxListeners":0}},"isNew":false,"_doc":{"address":"[Circular]","dances":[],"photos":[],"friends":[],"followers":[],"following":[],"role":"user","userSince":"2016-05-22T13:23:47.496Z","lastLogin":"2016-05-22T13:23:47.496Z","__v":0,"score":900,"lastName":"One last time","firstName":"Max edited back","password":"KEsYdX5fOWMkiPb/DfQDcMw6TVHGLsW8WUJnQkT+Oyb/eMev9o04gFnKd8O7aYcWxEo32AFsZ3z8OgIxq8tQJQ==","email":"max31@kimambo.de","provider":"local","salt":"sjOdKEzLa3w6RdwZ79hEQw==","_id":"5741b2e30203b7ca25cb90d1"},"_pres":{"$__original_save":[null,null,null]},"_posts":{"$__original_save":[]},"msg":"","time":"2016-05-22T14:50:18.882Z","v":0}
{"name":"cabeceo","hostname":"dev-vm","pid":10398,"level":50,"$__":{"strictMode":true,"inserting":false,"getters":{"address":{}},"_id":"5741b2e30203b7ca25cb90d1","wasPopulated":false,"scope":{"_id":"5741b2e30203b7ca25cb90d1","salt":"sjOdKEzLa3w6RdwZ79hEQw==","provider":"local","email":"max31@kimambo.de","password":"KEsYdX5fOWMkiPb/DfQDcMw6TVHGLsW8WUJnQkT+Oyb/eMev9o04gFnKd8O7aYcWxEo32AFsZ3z8OgIxq8tQJQ==","firstName":"Max edited back","lastName":"One last time","score":900,"__v":0,"lastLogin":"2016-05-22T13:23:47.496Z","userSince":"2016-05-22T13:23:47.496Z","role":"user","following":[],"followers":[],"friends":[],"photos":[],"dances":[]},"activePaths":{"paths":{"password":"require","email":"require","dances":"init","photos":"init","friends":"init","followers":"init","following":"init","role":"init","userSince":"init","lastLogin":"init","__v":"init","score":"init","firstName":"init","provider":"init","salt":"init","_id":"init"},"states":{"ignore":{},"default":{},"init":{"__v":true,"dances":true,"photos":true,"friends":true,"followers":true,"following":true,"role":true,"userSince":true,"lastLogin":true,"score":true,"firstName":true,"provider":true,"salt":true,"_id":true},"modify":{},"require":{"password":true,"email":true}},"stateNames":["require","modify","init","default","ignore"]},"emitter":{"domain":null,"_events":{"save":[null,null],"isNew":[null,null]},"_eventsCount":2,"_maxListeners":0}},"isNew":false,"_doc":{"address":"[Circular]","dances":[],"photos":[],"friends":[],"followers":[],"following":[],"role":"user","userSince":"2016-05-22T13:23:47.496Z","lastLogin":"2016-05-22T13:23:47.496Z","__v":0,"score":900,"lastName":"One last time","firstName":"Max edited back","password":"KEsYdX5fOWMkiPb/DfQDcMw6TVHGLsW8WUJnQkT+Oyb/eMev9o04gFnKd8O7aYcWxEo32AFsZ3z8OgIxq8tQJQ==","email":"max31@kimambo.de","provider":"local","salt":"sjOdKEzLa3w6RdwZ79hEQw==","_id":"5741b2e30203b7ca25cb90d1"},"_pres":{"$__original_save":[null,null,null]},"_posts":{"$__original_save":[]},"msg":"","time":"2016-05-22T14:50:18.882Z","v":0}
